<?xml version="1.0" encoding="UTF-8"?>
<testng-results ignored="0" total="1" passed="1" failed="0" skipped="0">
  <reporter-output>
  </reporter-output>
  <suite started-at="2024-11-26T20:53:31 IST" name="Default suite" finished-at="2024-11-26T20:53:55 IST" duration-ms="23912">
    <groups>
    </groups>
    <test started-at="2024-11-26T20:53:31 IST" name="Default test" finished-at="2024-11-26T20:53:55 IST" duration-ms="23912">
      <class name="Assignment.FitPeo">
        <test-method signature="assignment()[pri:0, instance:Assignment.FitPeo@43195e57]" started-at="2024-11-26T20:53:31 IST" name="assignment" finished-at="2024-11-26T20:53:55 IST" duration-ms="23878" status="PASS">
          <reporter-output>
          </reporter-output>
        </test-method> <!-- assignment -->
      </class> <!-- Assignment.FitPeo -->
    </test> <!-- Default test -->
  </suite> <!-- Default suite -->
</testng-results>
